<?xml version="1.0" encoding="UTF-8"?>
<testsuite xmlns:xsi="http://www.w3.org/2001/XMLSchema-instance" xsi:noNamespaceSchemaLocation="https://maven.apache.org/surefire/maven-surefire-plugin/xsd/surefire-test-report.xsd" name="top.greatxiaozou.AppTest" time="6.268" tests="3" errors="0" skipped="0" failures="0">
  <properties>
[...]
</properties>
  <testcase name="shouldAnswerWithTrue" classname="top.greatxiaozou.AppTest" time="0.43"/>
  <testcase name="test01" classname="top.greatxiaozou.AppTest" time="0.297"/>
  <testcase name="test02" classname="top.greatxiaozou.AppTest" time="0.005"/>
</testsuite>